[debug] [2025-03-08T00:32:53.049Z] ----------------------------------------------------------------------
[debug] [2025-03-08T00:32:53.052Z] Command:       C:\Program Files\nodejs\node.exe C:\Users\Admin\AppData\Roaming\npm\node_modules\firebase-tools\lib\bin\firebase.js init
[debug] [2025-03-08T00:32:53.052Z] CLI Version:   13.33.0
[debug] [2025-03-08T00:32:53.052Z] Platform:      win32
[debug] [2025-03-08T00:32:53.052Z] Node Version:  v22.14.0
[debug] [2025-03-08T00:32:53.052Z] Time:          Fri Mar 07 2025 19:32:53 GMT-0500 (Eastern Standard Time)
[debug] [2025-03-08T00:32:53.052Z] ----------------------------------------------------------------------
[debug] 
[debug] [2025-03-08T00:32:53.055Z] >>> [apiv2][query] GET https://firebase-public.firebaseio.com/cli.json [none]
[debug] [2025-03-08T00:32:53.088Z] > command requires scopes: ["email","openid","https://www.googleapis.com/auth/cloudplatformprojects.readonly","https://www.googleapis.com/auth/firebase","https://www.googleapis.com/auth/cloud-platform"]
[debug] [2025-03-08T00:32:53.089Z] > authorizing via signed-in user (thatcomputerboy26@gmail.com)
[info] 
     ######## #### ########  ######## ########     ###     ######  ########
     ##        ##  ##     ## ##       ##     ##  ##   ##  ##       ##
     ######    ##  ########  ######   ########  #########  ######  ######
     ##        ##  ##    ##  ##       ##     ## ##     ##       ## ##
     ##       #### ##     ## ######## ########  ##     ##  ######  ########

You're about to initialize a Firebase project in this directory:

  D:\ReactNative\MeowGram

[debug] [2025-03-08T00:32:53.284Z] <<< [apiv2][status] GET https://firebase-public.firebaseio.com/cli.json 200
[debug] [2025-03-08T00:32:53.284Z] <<< [apiv2][body] GET https://firebase-public.firebaseio.com/cli.json {"cloudBuildErrorAfter":1594252800000,"cloudBuildWarnAfter":1590019200000,"defaultNode10After":1594252800000,"minVersion":"3.0.5","node8DeploysDisabledAfter":1613390400000,"node8RuntimeDisabledAfter":1615809600000,"node8WarnAfter":1600128000000}
